0:100  0:100  MemLog inited, TSC freq: 2592361260
0:100  0:000  CPU was calibrated with RTC
0:100  0:000  
0:100  0:000  Now is 28.1.2020,  1:23:48 (GMT)
0:100  0:000  Starting Clover revision: 4920 on American Megatrends EFI
0:100  0:000  Build with: [Args: -mc --no-usb -D NO_GRUB_DRIVERS_EMBEDDED -t XCODE8 | -D DISABLE_USB_SUPPORT -D NO_GRUB_DRIVERS_EMBEDDED --conf=/Users/macman/src/edk2/Conf -D USE_BIOS_BLOCKIO -D USE_LOW_EBDA -a X64 -b RELEASE -t XCODE8 -n 13 | OS: 10.14.4 | XCODE: 10.2]
0:100  0:000  SelfDevicePath=PciRoot(0x0)\Pci(0x1D,0x0)\Pci(0x0,0x0)\NVMe(0x1,29-7F-50-91-59-38-25-00)\HD(1,GPT,38380B60-ACFD-4666-B312-D5D9B857FD30,0x28,0x64000) @9532A598
0:100  0:000  SelfDirPath = \EFI\CLOVER
0:105  0:005  === [ Get Smbios ] ========================================
0:105  0:000  Type 16 Index = 0
0:105  0:000  Total Memory Slots Count = 2
0:105  0:000  Type 17 Index = 0
0:105  0:000  SmbiosTable.Type17->Speed = 2133MHz
0:105  0:000  SmbiosTable.Type17->Size = 8192MB
0:105  0:000  SmbiosTable.Type17->Bank/Device = DIMM A DIMM A
0:105  0:000  SmbiosTable.Type17->Vendor = SK Hynix
0:105  0:000  SmbiosTable.Type17->SerialNumber = 12161215
0:105  0:000  SmbiosTable.Type17->PartNumber = HMA81GS6AFR8N-UH    
0:105  0:000  Type 17 Index = 1
0:105  0:000  SmbiosTable.Type17->Speed = 2133MHz
0:105  0:000  SmbiosTable.Type17->Size = 8192MB
0:105  0:000  SmbiosTable.Type17->Bank/Device = DIMM B DIMM B
0:105  0:000  SmbiosTable.Type17->Vendor = SK Hynix
0:105  0:000  SmbiosTable.Type17->SerialNumber = 12121212
0:105  0:000  SmbiosTable.Type17->PartNumber = HMA81GS6AFR8N-UH    
0:105  0:000  Boot status=0
0:105  0:000  Running on: 'Inspiron 7566' with board '042NDD'
0:105  0:000  === [ GetCPUProperties ] ==================================
0:105  0:000  CPU Vendor = 756E6547 Model=506E3
0:105  0:000   The CPU supported SSE4.1
0:105  0:000  BrandString = Intel(R) Core(TM) i7-6700HQ CPU @ 2.60GHz
0:105  0:000   The CPU supported turbo
0:105  0:000  MSR 0x35               40008
0:105  0:000   TSC/CCC Information Leaf:
0:105  0:000    numerator     : 216
0:105  0:000    denominator   : 2
0:105  0:000   Calibrated ARTFrequency: 24003345
0:105  0:000  MSR 0xE2 before patch 7E008006
0:105  0:000  MSR 0xE2 is locked, PM patches will be turned on
0:105  0:000  MSR 0xCE              0008083B_F1011A00
0:105  0:000  corrected FLEX_RATIO = 0
0:105  0:000  MSR 0x1B0             00000000
0:105  0:000  FSBFrequency = 100 MHz, DMI FSBFrequency = 100 MHz, Corrected FSBFrequency = 100 MHz
0:105  0:000  MaxDiv/MinDiv: 26.0/8
0:105  0:000  Turbo: 31/32/33/35
0:105  0:000  Features: 0xBFEBFBFF
0:105  0:000  Threads: 8
0:105  0:000  Cores: 4
0:105  0:000  FSB: 100 MHz
0:105  0:000  CPU: 2600 MHz
0:105  0:000  TSC: 2600 MHz
0:105  0:000  PIS: 100 MHz
0:105  0:000  ExternalClock: 25 MHz
0:105  0:000  === [ GetDevices ] ========================================
0:105  0:000  PCI (00|00:00.00) : 8086 1910 class=060000
0:105  0:000  PCI (00|00:01.00) : 8086 1901 class=060400
0:105  0:000  PCI (00|01:00.00) : 10DE 139B class=030200
0:105  0:000  PCI (00|00:02.00) : 8086 191B class=030000
0:105  0:000   - GFX: Model=Intel HD Graphics 530 (Intel)
0:105  0:000  PCI (00|00:04.00) : 8086 1903 class=118000
0:105  0:000  PCI (00|00:14.00) : 8086 A12F class=0C0330
0:105  0:000  PCI (00|00:14.02) : 8086 A131 class=118000
0:105  0:000  PCI (00|00:15.00) : 8086 A160 class=118000
0:105  0:000  PCI (00|00:15.01) : 8086 A161 class=118000
0:105  0:000  PCI (00|00:16.00) : 8086 A13A class=078000
0:105  0:000  PCI (00|00:17.00) : 8086 A103 class=010601
0:105  0:000  PCI (00|00:1C.00) : 8086 A114 class=060400
0:105  0:000  PCI (00|02:00.00) : 10EC 8168 class=020000
0:105  0:000   - LAN: 0 Vendor=Realtek
0:105  0:000  PCI (00|00:1C.05) : 8086 A115 class=060400
0:105  0:000  PCI (00|03:00.00) : 14E4 43B1 class=028000
0:105  0:000   - WIFI: Vendor=Broadcom
0:105  0:000  PCI (00|00:1D.00) : 8086 A118 class=060400
0:105  0:000  PCI (00|04:00.00) : 144D A808 class=010802
0:105  0:000  PCI (00|00:1D.04) : 8086 A11C class=060400
0:105  0:000  PCI (00|00:1D.06) : 8086 A11E class=060400
0:105  0:000  PCI (00|00:1F.00) : 8086 A14E class=060100
0:105  0:000  PCI (00|00:1F.02) : 8086 A121 class=058000
0:105  0:000  PCI (00|00:1F.03) : 8086 A170 class=040380
0:105  0:000  PCI (00|00:1F.04) : 8086 A123 class=0C0500
0:105  0:000  === [ GetDefaultSettings ] ================================
0:105  0:000  Clover load options size = 162 bytes
0:117  0:011  EFI\CLOVER\.plist not loaded with name from LoadOptions: Invalid Parameter
0:128  0:011  EFI\CLOVER\config.plist loaded: Success
0:128  0:000  === [ GetListOfThemes ] ===================================
0:129  0:001  - [00]: embedded
0:135  0:006  - [00]: random
0:140  0:005  - [00]: tonymacx86
0:149  0:009  === [ Found config plists ] ===============================
0:151  0:002  - config_prueba.plist
0:153  0:002  - config.plist
0:159  0:006  === [ GetEarlyUserSettings ] ==============================
0:160  0:000  timeout set to -1
0:160  0:000  Custom boot CUSTOM_BOOT_APPLE (0x0)
0:160  0:000  ForceKextsToLoad: 1 requested
0:160  0:000   - [0]: System\Library\Extensions\IONetworkingFamily.kext
0:160  0:000  KextsToPatch: 20 requested
0:160  0:000   - [00]: com.apple.driver.AppleIntelSKLGraphicsFramebuffer (Disable minStolenSize less or equal fStolenMemorySize assertion, 10.11.4 ( (based on Austere.J patch)) :: MatchOS: 10.11.x :: BinPatch :: data len: 5
0:160  0:000   - patch disabled at config
0:160  0:000   - [01]: com.apple.driver.AppleIntelSKLGraphicsFramebuffer (Disable minStolenSize less or equal fStolenMemorySize assertion, 10.12.0 ( (based on Austere.J patch)) :: MatchOS: 10.12.x :: BinPatch :: data len: 7
0:160  0:000   - patch disabled at config
0:160  0:000   - [02]: com.apple.driver.AppleIntelSKLGraphicsFramebuffer (eDP, port 0000, 0x191e0000, 0x19160000, 0x19260000, 0x19270000, 0x191b0000, 0x19160002, 0x19260002, 0x191e0003, 0x19260004, 0x19270004, 0x193b0005 credit syscl) :: BinPatch :: data len: 20
0:160  0:000   - patch disabled at config
0:160  0:000   - [03]: com.apple.driver.AppleIntelSKLGraphicsFramebuffer (Enable lid wake for 0x19260002 credit syscl/lighting/Yating Zhou) :: BinPatch :: data len: 16
0:160  0:000   - patch disabled at config
0:160  0:000   - [04]: com.apple.driver.AppleIntelSKLGraphicsFramebuffer (Enable lid wake for 0x19260004 credit syscl/lighting/Yating Zhou) :: BinPatch :: data len: 16
0:160  0:000   - patch disabled at config
0:160  0:000   - [05]: com.apple.iokit.IOAHCIBlockStorage (Enable TRIM for SSD) :: BinPatch :: data len: 11
0:160  0:000   - [06]: AirPortBrcm4360 (NoLabel) :: BinPatch :: data len: 8
0:160  0:000   - [07]: AppleHDA (NoLabel) :: BinPatch :: data len: 4
0:160  0:000   - [08]: AppleHDA (NoLabel) :: BinPatch :: data len: 4
0:160  0:000   - [09]: AppleHDA (NoLabel) :: BinPatch :: data len: 4
0:160  0:000   - [10]: AppleHDA (NoLabel) :: BinPatch :: data len: 4
0:160  0:000   - [11]: AppleHDA (NoLabel) :: BinPatch :: data len: 4
0:160  0:000   - [12]: com.apple.driver.AppleBacklight (change F%uT%04x to F%uTxxxx in AppleBacklightInjector.kext (credit RehabMan)) :: BinPatch :: data len: 9
0:160  0:000   - [13]: com.apple.iokit.IOUSBHostFamily (USB Port Limit Patch#1 10.14.4 ©PMHeart) :: BinPatch :: data len: 9
0:160  0:000   - [14]: com.apple.driver.usb.AppleUSBXHCI (USB Port limit patch #3/4 10.14.x modify by DalianSky (credit PMheart)) :: MatchOS: 10.14.x :: BinPatch :: data len: 4
0:160  0:000   - patch disabled at config
0:160  0:000   - [15]: com.apple.driver.usb.AppleUSBXHCI (USB Port limit patch #4/4 10.14.x modify by DalianSky (credit PMheart)) :: MatchOS: 10.14.x :: BinPatch :: data len: 4
0:160  0:000   - patch disabled at config
0:160  0:000   - [16]: com.apple.driver.usb.AppleUSBXHCI (USB Port limit patch 10.14) :: MatchOS: 10.14.x :: BinPatch :: data len: 9
0:160  0:000   - [17]: com.apple.iokit.IOUSBHostFamily (USB Port Limit Patch 1 ©PMHeart) :: MatchOS: 10.14.4 :: BinPatch :: data len: 9
0:160  0:000   - [18]: com.apple.driver.usb.AppleUSBXHCI (USB Port Limit Patch 2 ©PMHeart) :: MatchOS: 10.14.4 :: BinPatch :: data len: 10
0:160  0:000   - [19]: com.apple.iokit.IOUSBHostFamily (USB Port Limit Patch 3 ©PMHeart) :: MatchOS: 10.14.4 :: BinPatch :: data len: 8
0:160  0:000  KernelToPatch: 1 requested
0:160  0:000   - [00]: MSR 0xE2 _xcpm_idle instant reboot(c) Pike R. Alpha :: data len: 8
0:160  0:000  Default theme: embedded
0:160  0:000  Hiding entries with string Preboot
0:160  0:000  === [ LoadDrivers ] =======================================
0:165  0:005  Loading apfs.efi  status=Success
0:175  0:010   - driver needs connecting
0:175  0:000  Loading ApfsDriverLoader-64.efi  status=Success
0:182  0:006   - driver needs connecting
0:182  0:000  Loading AppleImageCodec-64.efi  status=Success
0:188  0:006  Loading AppleKeyAggregator-64.efi  status=Success
0:194  0:006  Loading AppleKeyFeeder-64.efi  status=Success
0:202  0:007  Loading AppleUITheme-64.efi  status=Success
0:208  0:006  Loading AptioMemoryFix-64.efi  status=Success
0:214  0:006  Loading AudioDxe-64.efi  status=Success
0:222  0:007   - driver needs connecting
0:222  0:000  Loading DataHubDxe-64.efi  status=Success
0:237  0:015  Loading EmuVariableUefi-64.efi  status=Success
0:243  0:006  EmuVariableUefi Initialize: VariableCommonInitialize = Success, orig services stored, install gEmuVariableControlProtocolGuid = Success
0:244  0:000  Loading FirmwareVolume-64.efi  status=Success
0:250  0:006  Loading FSInject-64.efi  status=Success
0:257  0:007  Loading HFSPlus.efi  status=Success
0:263  0:006   - driver needs connecting
0:263  0:000  Loading PartitionDxe-64.efi  status=Success
0:271  0:007   - driver needs connecting
0:271  0:000  Loading SMCHelper-64.efi  status=Success
0:278  0:007  5 drivers needs connecting ...
0:278  0:000  PlatformDriverOverrideProtocol->GetDriver overriden
0:278  0:000  Partition driver loaded: 
0:278  0:000  HFS+ driver loaded
0:278  0:000  APFS driver loaded
0:278  0:000  Searching for invalid DiskIo BY_DRIVER connects: not found, all ok
6:869  6:591  EmuVariable InstallEmulation: orig vars copied, emu.var.services installed, CreateEvent VirtualAddressChange = Success, CreateEvent ExitBootServices = Success, set Status=Success
6:896  0:026  === [ InitScreen ] ========================================
6:896  0:000  Console modes reported: 4, available modes:
6:896  0:000   - [01]: 80x25
6:896  0:000   - [02]: 80x50
6:896  0:000   - [03]: 100x31
6:896  0:000   - [04]: 480x113 (current mode)
6:896  0:000  SetScreenResolution: 1920x1080 - not found!
6:896  0:000  SetMaxResolution: found best mode 6: 3840x2160
6:896  0:000   - already set
6:896  0:000  reinit: self device path=PciRoot(0x0)\Pci(0x1D,0x0)\Pci(0x0,0x0)\NVMe(0x1,29-7F-50-91-59-38-25-00)\HD(1,GPT,38380B60-ACFD-4666-B312-D5D9B857FD30,0x28,0x64000)
6:901  0:005  === [ GetMacAddress ] =====================================
6:901  0:000  MAC address of LAN #0= 18:DB:F2:19:22:62:
6:901  0:000  === [ ScanSPD ] ===========================================
6:902  0:000  Scanning SMBus [8086:A123], mmio: 0xE5532004, ioport: 0xF040, hostc: 0x11
6:920  0:018  Slot: 0 Type 26 8192MB 2400MHz Vendor=SK Hynix PartNo=HMA81GS6AFR8N-UH SerialNo=03010D060C06090E
6:938  0:018  Slot: 2 Type 26 8192MB 2400MHz Vendor=SK Hynix PartNo=HMA81GS6AFR8N-UH SerialNo=0701050E0C0E0E0A
6:939  0:000  === [ GetAcpiTablesList ] =================================
6:939  0:000  Get Acpi Tables List from RSDT:
6:939  0:000   - [00]: FACP  CBX3    len=132
6:939  0:000   - [01]: APIC  CBX3    len=188
6:939  0:000   - [02]: FPDT  CBX3    len=68
6:939  0:000   - [03]: FIDT  CBX3    len=156
6:939  0:000   - [04]: MCFG  CBX3    len=60
6:939  0:000   - [05]: HPET  CBX3    len=56
6:939  0:000   - [06]: SSDT  SataTabl len=789
6:939  0:000   - [07]: LPIT  SKL len=148
6:939  0:000   - [08]: SSDT  sensrhub len=584
6:939  0:000   - [09]: SSDT  PtidDevc len=11182
6:939  0:000   - [10]: SSDT  OEM_RTD3 len=36
6:939  0:000   - [11]: SSDT  Ther_Rvp len=3043
6:939  0:000   - [12]: SSDT  zpodd len=1244
6:939  0:000   - [13]: DBGP   len=52
6:939  0:000   - [14]: DBG2   len=84
6:939  0:000   - [15]: SSDT  xh_rvp10 len=1604
6:939  0:000   - [16]: BOOT  CBX3     len=40
6:939  0:000   - [17]: SSDT  SaSsdt  len=14326
6:939  0:000   - [18]: UEFI   len=66
6:939  0:000   - [19]: SSDT  CpuSsdt len=3699
6:939  0:000   - [20]: MSDM  CBX3    len=85
6:939  0:000   - [21]: SSDT  DptfTabl len=14364
6:939  0:000   - [22]: SLIC  CBX3    len=374
6:939  0:000   - [23]: SSDT  SgPeg len=195
6:939  0:000   - [24]: SSDT  OptTabl len=6283
6:939  0:000   - [25]: ASF!   HCG len=165
6:939  0:000   - [26]: BGRT   len=56
6:939  0:000  Calibrated TSC Frequency = 2592361260 = 2592MHz
6:939  0:000  === [ GetUserSettings ] ===================================
6:939  0:000  Add 1 devices:
6:939  0:000  Add 3 properties:
6:939  0:000   - [00]: NVidia Key: name, len: 9
6:939  0:000   - [01]: NVidia Key: IOName, len: 9
6:939  0:000   - [02]: NVidia Key: class-code, len: 4
6:939  0:000  USB FixOwnership: yes
6:939  0:000  Dropping 3 tables:
6:939  0:000   - [00]: Drop table  signature="#MCF" (46434D23)
6:939  0:000           - set table: 46434D23,                0 to drop: no
6:939  0:000   - [01]: Drop table  signature="DMAR" (52414D44)
6:939  0:000           - set table: 52414D44,                0 to drop: no
6:939  0:000   - [02]: Drop table  signature="SSDT" (54445353) table-id="xh_rvp10" (30317076725F6878)
6:939  0:000           - set table: 54445353, 30317076725F6878 to drop: yes
6:939  0:000   - final DSDT Fix mask=00008001
6:939  0:000  PatchesDSDT: 13 requested
6:939  0:000   - [00]: (change OSID to XSID (to avoid match against _OSI XOSI patch)) lenToFind: 4, lenToReplace: 4, Target Bridge: <null string>
6:939  0:000    patch disabled at config
6:939  0:000   - [01]: (change _OSI to XOSI) lenToFind: 4, lenToReplace: 4, Target Bridge: <null string>
6:939  0:000    patch disabled at config
6:939  0:000   - [02]: (change _DSM to XDSM) lenToFind: 4, lenToReplace: 4, Target Bridge: <null string>
6:939  0:000    patch disabled at config
6:939  0:000   - [03]: (change EC0 to EC) lenToFind: 4, lenToReplace: 4, Target Bridge: <null string>
6:939  0:000    patch disabled at config
6:939  0:000   - [04]: (change H_EC to EC) lenToFind: 4, lenToReplace: 4, Target Bridge: <null string>
6:939  0:000    patch disabled at config
6:939  0:000   - [05]: (change ECDV to EC) lenToFind: 4, lenToReplace: 4, Target Bridge: <null string>
6:939  0:000    patch disabled at config
6:939  0:000   - [06]: (change HDAS to HDEF) lenToFind: 4, lenToReplace: 4, Target Bridge: <null string>
6:939  0:000    patch disabled at config
6:939  0:000   - [07]: (change HECI to IMEI) lenToFind: 4, lenToReplace: 4, Target Bridge: <null string>
6:939  0:000    patch disabled at config
6:939  0:000   - [08]: (change MEI to IMEI) lenToFind: 4, lenToReplace: 4, Target Bridge: <null string>
6:939  0:000    patch disabled at config
6:939  0:000   - [09]: (change GFX0 to IGPU) lenToFind: 4, lenToReplace: 4, Target Bridge: <null string>
6:939  0:000    patch disabled at config
6:939  0:000   - [10]: (change PCI0.VID to IGPU #1 (Thinkpad)) lenToFind: 8, lenToReplace: 8, Target Bridge: <null string>
6:939  0:000    patch disabled at config
6:939  0:000   - [11]: (change PCI0.VID to IGPU #2 (Thinkpad)) lenToFind: 14, lenToReplace: 14, Target Bridge: <null string>
6:939  0:000    patch disabled at config
6:939  0:000   - [12]: (Change XHC1 to XHC_) lenToFind: 4, lenToReplace: 4, Target Bridge: <null string>
6:939  0:000  PluginType: 1
6:939  0:000  Using ProductName from config: iMac18,1
6:939  0:000  Using latest BiosVersion from clover
6:939  0:000  BiosVersion: IM181.88Z.F000.B00.1902181222
6:939  0:000  BiosReleaseDate: 02/18/2019
6:939  0:000  Using EfiVersion from config: 165.0.0.0.0
6:939  0:000  Using FirmwareFeatures from config: 0xFC0FE137
6:939  0:000  Using FirmwareFeaturesMask from config: 0xFF1FFF3F
6:939  0:000  Board-ID set from config as Mac-4B682C642B45593E
6:939  0:000  BoardType: 0xA
6:939  0:000  ChassisType: 0x9
6:944  0:005  === [ Found DSDT tables ] =================================
6:946  0:002  - DSDT.aml
7:036  0:089  === [ ScanVolumes ] =======================================
7:036  0:000  Found 13 volumes with blockIO
7:036  0:000  - [00]: Volume: PciRoot(0x0)\Pci(0x17,0x0)\Sata(0x1,0xFFFF,0x0)
7:037  0:000  - [01]: Volume: PciRoot(0x0)\Pci(0x17,0x0)\Sata(0x1,0xFFFF,0x0)\HD(1,GPT,BBD70B13-06BB-449F-A6DC-CBD72C65166A,0x28,0x64000)
7:037  0:000          Result of bootcode detection: bootable unknown (legacy)
7:037  0:000  - [02]: Volume: PciRoot(0x0)\Pci(0x17,0x0)\Sata(0x1,0xFFFF,0x0)\HD(2,GPT,B0BC7AEA-B131-4072-BA85-92C88960D876,0x64800,0x74662000)
7:038  0:000          Result of bootcode detection: bootable unknown (legacy)
7:038  0:000  - [03]: Volume: PciRoot(0x0)\Pci(0x1D,0x0)\Pci(0x0,0x0)\NVMe(0x1,29-7F-50-91-59-38-25-00)
7:039  0:001  - [04]: Volume: PciRoot(0x0)\Pci(0x1D,0x0)\Pci(0x0,0x0)\NVMe(0x1,29-7F-50-91-59-38-25-00)\HD(1,GPT,38380B60-ACFD-4666-B312-D5D9B857FD30,0x28,0x64000)
7:040  0:001          Result of bootcode detection: bootable unknown (legacy)
7:045  0:005          This is SelfVolume !!
7:045  0:000  - [05]: Volume: PciRoot(0x0)\Pci(0x1D,0x0)\Pci(0x0,0x0)\NVMe(0x1,29-7F-50-91-59-38-25-00)\HD(2,GPT,57B5BF91-D574-4307-A0C3-DB7433050BE9,0x64028,0x30E442E0)
7:046  0:001          Result of bootcode detection: bootable unknown (legacy)
7:046  0:000  - [06]: Volume: PciRoot(0x0)\Pci(0x1D,0x0)\Pci(0x0,0x0)\NVMe(0x1,29-7F-50-91-59-38-25-00)\HD(3,GPT,E623B844-B8F3-41FD-9A87-018445C2CD2B,0x30EA8800,0x2540800)
7:047  0:001  - [07]: Volume: PciRoot(0x0)\Pci(0x1D,0x0)\Pci(0x0,0x0)\NVMe(0x1,29-7F-50-91-59-38-25-00)\HD(4,GPT,B869F208-0601-4BFC-9E60-B87D230158D3,0x333E9000,0x51C5000)
7:048  0:001  - [08]: Volume: PciRoot(0x0)\Pci(0x1D,0x0)\Pci(0x0,0x0)\NVMe(0x1,29-7F-50-91-59-38-25-00)\HD(5,GPT,88AA1DD9-FDD0-4CE5-A989-74C5CFBBE61F,0x385AE000,0x1DD7800)
7:049  0:001  - [09]: Volume: PciRoot(0x0)\Pci(0x1D,0x0)\Pci(0x0,0x0)\NVMe(0x1,29-7F-50-91-59-38-25-00)\HD(2,GPT,57B5BF91-D574-4307-A0C3-DB7433050BE9,0x64028,0x30E442E0)\VenMedia(BE74FCF7-0B7C-49F3-9147-01F4042E6842,2C74983D9850504190B64B3B6291E7BA)
7:049  0:000          hiding this volume
7:049  0:000  - [10]: Volume: PciRoot(0x0)\Pci(0x1D,0x0)\Pci(0x0,0x0)\NVMe(0x1,29-7F-50-91-59-38-25-00)\HD(2,GPT,57B5BF91-D574-4307-A0C3-DB7433050BE9,0x64028,0x30E442E0)\VenMedia(BE74FCF7-0B7C-49F3-9147-01F4042E6842,60E07756F06DEA34A4002C950FC3489A)
7:050  0:000  - [11]: Volume: PciRoot(0x0)\Pci(0x1D,0x0)\Pci(0x0,0x0)\NVMe(0x1,29-7F-50-91-59-38-25-00)\HD(2,GPT,57B5BF91-D574-4307-A0C3-DB7433050BE9,0x64028,0x30E442E0)\VenMedia(BE74FCF7-0B7C-49F3-9147-01F4042E6842,26AE4C05E25BE34A9163519EC3F90FF0)
7:050  0:000  - [12]: Volume: PciRoot(0x0)\Pci(0x1D,0x0)\Pci(0x0,0x0)\NVMe(0x1,29-7F-50-91-59-38-25-00)\HD(2,GPT,57B5BF91-D574-4307-A0C3-DB7433050BE9,0x64028,0x30E442E0)\VenMedia(BE74FCF7-0B7C-49F3-9147-01F4042E6842,704ADD6E6DF2AE469204820053F6C62C)
7:053  0:003  PutNvramPlistToRtVars: nvram.plist not found
7:053  0:000  found 2 handles with audio
7:053  0:000  No AudioIoDevice stored
7:053  0:000  no stored audio parameters
7:053  0:000  === [ InitTheme ] =========================================
7:053  0:000  use night theme
7:053  0:000   using embedded theme
7:053  0:000  got embedded sound
7:053  0:000    Channels: 2  Sample rate: 8000 Hz  Bits: 16
7:053  0:000  output to channel 0 with volume 70, len=25600
7:053  0:000   sound channels=2 bits=16 freq=8000
7:053  0:000  sound converted to 48kHz
7:053  0:000  not found AudioIo to play
7:053  0:000  sound play end with status=8A599312
7:054  0:000  Using embedded font: Success
7:054  0:000  theme inited
7:054  0:000  Chosen embedded theme
7:054  0:000  after NVRAM boot-args=dart=0 nv_disable=1 -cdfon -alcbeta -lilubetall kext-dev-mode=1 -wegnoegpu
7:054  0:000  === [ Dump SMC keys from NVRAM ] ==========================
7:054  0:000  found AppleSMC protocol
7:055  0:000  Registered 17 SMC keys
7:055  0:000  === [ AddCustomEntries ] ==================================
7:055  0:000  Custom entry 0 Title:"Recovery" Path:"\com.apple.recovery.boot\boot.efi" Type:10 Flags:0x6 matching all volumes
7:055  0:000      Checking volume "EFI" (PciRoot(0x0)\Pci(0x17,0x0)\Sata(0x1,0xFFFF,0x0)\HD(1,GPT,BBD70B13-06BB-449F-A6DC-CBD72C65166A,0x28,0x64000)) ... skipped because path does not exist
7:055  0:000      Checking volume "EFI" (PciRoot(0x0)\Pci(0x1D,0x0)\Pci(0x0,0x0)\NVMe(0x1,29-7F-50-91-59-38-25-00)\HD(1,GPT,38380B60-ACFD-4666-B312-D5D9B857FD30,0x28,0x64000)) ... skipped because path does not exist
7:056  0:001      Checking volume "Preboot" (PciRoot(0x0)\Pci(0x1D,0x0)\Pci(0x0,0x0)\NVMe(0x1,29-7F-50-91-59-38-25-00)\HD(2,GPT,57B5BF91-D574-4307-A0C3-DB7433050BE9,0x64028,0x30E442E0)\VenMedia(BE74FCF7-0B7C-49F3-9147-01F4042E6842,2C74983D9850504190B64B3B6291E7BA)) ... skipped because volume is hidden
7:056  0:000      Checking volume "MACSSD" (PciRoot(0x0)\Pci(0x1D,0x0)\Pci(0x0,0x0)\NVMe(0x1,29-7F-50-91-59-38-25-00)\HD(2,GPT,57B5BF91-D574-4307-A0C3-DB7433050BE9,0x64028,0x30E442E0)\VenMedia(BE74FCF7-0B7C-49F3-9147-01F4042E6842,60E07756F06DEA34A4002C950FC3489A)) ... skipped because path does not exist
7:057  0:000      Checking volume "Recovery" (PciRoot(0x0)\Pci(0x1D,0x0)\Pci(0x0,0x0)\NVMe(0x1,29-7F-50-91-59-38-25-00)\HD(2,GPT,57B5BF91-D574-4307-A0C3-DB7433050BE9,0x64028,0x30E442E0)\VenMedia(BE74FCF7-0B7C-49F3-9147-01F4042E6842,26AE4C05E25BE34A9163519EC3F90FF0)) ... skipped because path does not exist
7:057  0:000      Checking volume "VM" (PciRoot(0x0)\Pci(0x1D,0x0)\Pci(0x0,0x0)\NVMe(0x1,29-7F-50-91-59-38-25-00)\HD(2,GPT,57B5BF91-D574-4307-A0C3-DB7433050BE9,0x64028,0x30E442E0)\VenMedia(BE74FCF7-0B7C-49F3-9147-01F4042E6842,704ADD6E6DF2AE469204820053F6C62C)) ... skipped because path does not exist
7:057  0:000  Custom entry 1 Title:"Windows" Path:"\EFI\Microsoft\Boot\bootmgfw.efi" Options:"-s -h" Type:7 Flags:0x0 matching all volumes
7:057  0:000      Checking volume "EFI" (PciRoot(0x0)\Pci(0x17,0x0)\Sata(0x1,0xFFFF,0x0)\HD(1,GPT,BBD70B13-06BB-449F-A6DC-CBD72C65166A,0x28,0x64000)) ... skipped because path does not exist
7:057  0:000      Checking volume "EFI" (PciRoot(0x0)\Pci(0x1D,0x0)\Pci(0x0,0x0)\NVMe(0x1,29-7F-50-91-59-38-25-00)\HD(1,GPT,38380B60-ACFD-4666-B312-D5D9B857FD30,0x28,0x64000)) ... skipped because path does not exist
7:058  0:001      Checking volume "Preboot" (PciRoot(0x0)\Pci(0x1D,0x0)\Pci(0x0,0x0)\NVMe(0x1,29-7F-50-91-59-38-25-00)\HD(2,GPT,57B5BF91-D574-4307-A0C3-DB7433050BE9,0x64028,0x30E442E0)\VenMedia(BE74FCF7-0B7C-49F3-9147-01F4042E6842,2C74983D9850504190B64B3B6291E7BA)) ... skipped because volume is hidden
7:058  0:000      Checking volume "MACSSD" (PciRoot(0x0)\Pci(0x1D,0x0)\Pci(0x0,0x0)\NVMe(0x1,29-7F-50-91-59-38-25-00)\HD(2,GPT,57B5BF91-D574-4307-A0C3-DB7433050BE9,0x64028,0x30E442E0)\VenMedia(BE74FCF7-0B7C-49F3-9147-01F4042E6842,60E07756F06DEA34A4002C950FC3489A)) ... skipped because path does not exist
7:058  0:000      Checking volume "Recovery" (PciRoot(0x0)\Pci(0x1D,0x0)\Pci(0x0,0x0)\NVMe(0x1,29-7F-50-91-59-38-25-00)\HD(2,GPT,57B5BF91-D574-4307-A0C3-DB7433050BE9,0x64028,0x30E442E0)\VenMedia(BE74FCF7-0B7C-49F3-9147-01F4042E6842,26AE4C05E25BE34A9163519EC3F90FF0)) ... skipped because path does not exist
7:059  0:000      Checking volume "VM" (PciRoot(0x0)\Pci(0x1D,0x0)\Pci(0x0,0x0)\NVMe(0x1,29-7F-50-91-59-38-25-00)\HD(2,GPT,57B5BF91-D574-4307-A0C3-DB7433050BE9,0x64028,0x30E442E0)\VenMedia(BE74FCF7-0B7C-49F3-9147-01F4042E6842,704ADD6E6DF2AE469204820053F6C62C)) ... skipped because path does not exist
7:059  0:000  === [ ScanLoader ] ========================================
7:059  0:000  - [01]: 'EFI'
7:059  0:000  - [04]: 'EFI'
7:113  0:054          AddLoaderEntry for Volume Name=EFI
7:118  0:004          AddLoaderEntry for Volume Name=EFI
7:118  0:000          skipped because entry is hidden
7:118  0:000  - [09]: 'Preboot', hidden
7:118  0:000  - [10]: 'MACSSD'
7:191  0:073          AddLoaderEntry for Volume Name=MACSSD
7:205  0:013      hibernated: set as never
7:234  0:029  - [11]: 'Recovery'
7:239  0:005          AddLoaderEntry for Volume Name=Recovery
7:262  0:022  - [12]: 'VM'
7:262  0:000  === [ AddCustomTool ] =====================================
7:264  0:002  found tool \EFI\CLOVER\tools\Shell64U.efi
7:264  0:000  Checking EFI partition Volume 1 for Clover
7:264  0:000  Checking EFI partition Volume 4 for Clover
7:270  0:006   Found Clover
7:271  0:000  EmuVariable UninstallEmulation: CloseEvent = Success, original var services restored
7:271  0:000  EmuVariable InstallEmulation: orig vars copied, emu.var.services installed, CreateEvent VirtualAddressChange = Success, CreateEvent ExitBootServices = Success, set Status=Success
7:299  0:027  === [ GetEfiBootDeviceFromNvram ] =========================
7:299  0:000  Default boot entry not found
7:299  0:000  EmuVariable UninstallEmulation: CloseEvent = Success, original var services restored
7:299  0:000  DefaultIndex=-1 and MainMenu.EntryCount=9
7:695  0:396  GUI ready
17:856  10:161  Found BIOS RSDP at EC5F0
17:856  0:000  Printing ACPI tables from RSDP EC5F0 ...
17:856  0:000   EC5F0: 'RSD PTR ', Rev: 2 (Acpi 2.0 or newer), Len: 36
17:856  0:000    (Xsdt: 979900C0, Rsdt: 97990028)
17:856  0:000    979900C0: 'XSDT', 'CBX3', Rev: 1, Len: 252
17:856  0:000    97990028: 'RSDT', 'CBX3', Rev: 1, Len: 144
17:856  0:000    Tables in Xsdt: 27
17:856  0:000    0. 979AF778: 'FACP', 'CBX3', Rev: 5, Len: 268
17:856  0:000        (Dsdt: 97990248, Facs: 98016F80, XDsdt: 97990248, XFacs: 0)
17:856  0:000        97990248: 'DSDT', 'CBX3', Rev: 2, Len: 128303
17:858  0:002        98016F80: 'FACS', Ver: 2, Len: 64
17:858  0:000    1. 979AF888: 'APIC', 'CBX3', Rev: 3, Len: 188
17:858  0:000    2. 979AF948: 'FPDT', 'CBX3', Rev: 1, Len: 68
17:858  0:000    3. 979AF990: 'FIDT', 'CBX3', Rev: 1, Len: 156
17:858  0:000    4. 979AFA30: 'MCFG', 'CBX3', Rev: 1, Len: 60
17:858  0:000    5. 979AFA70: 'HPET', 'CBX3', Rev: 1, Len: 56
17:858  0:000    6. 979AFAA8: 'SSDT', 'SataTabl', Rev: 1, Len: 789
17:858  0:000    7. 979AFDC0: 'LPIT', 'SKL', Rev: 1, Len: 148
17:858  0:000    8. 979AFE58: 'SSDT', 'sensrhub', Rev: 2, Len: 584
17:858  0:000    9. 979B00A0: 'SSDT', 'PtidDevc', Rev: 2, Len: 11182
17:858  0:000    10. 979B2C50: 'SSDT', 'OEM_RTD3', Rev: 2, Len: 36
17:858  0:000    11. 979B2C78: 'SSDT', 'Ther_Rvp', Rev: 2, Len: 3043
17:858  0:000    12. 979B3860: 'SSDT', 'zpodd', Rev: 2, Len: 1244
17:858  0:000    13. 979B3D40: 'DBGP', '', Rev: 1, Len: 52
17:858  0:000    14. 979B3D78: 'DBG2', '', Rev: 0, Len: 84
17:858  0:000    15. 979B3DD0: 'SSDT', 'xh_rvp10', Rev: 2, Len: 1604
17:858  0:000    16. 979B4418: 'BOOT', 'CBX3', Rev: 1, Len: 40
17:858  0:000    17. 979B4440: 'SSDT', 'SaSsdt', Rev: 2, Len: 14326
17:858  0:000    18. 979B7C38: 'UEFI', '', Rev: 1, Len: 66
17:858  0:000    19. 979B7C80: 'SSDT', 'CpuSsdt', Rev: 2, Len: 3699
17:858  0:000    20. 979B8AF8: 'MSDM', 'CBX3', Rev: 3, Len: 85
17:858  0:000    21. 979B8B50: 'SSDT', 'DptfTabl', Rev: 2, Len: 14364
17:858  0:000    22. 979BC370: 'SLIC', 'CBX3', Rev: 3, Len: 374
17:858  0:000    23. 979BC4E8: 'SSDT', 'SgPeg', Rev: 2, Len: 195
17:858  0:000    24. 979BC5B0: 'SSDT', 'OptTabl', Rev: 1, Len: 6283
17:858  0:000    25. 979BDE40: 'ASF!', ' HCG', Rev: 32, Len: 165
17:858  0:000    26. 979BDEE8: 'BGRT', '', Rev: 0, Len: 56
17:858  0:000    Tables in Rsdt: 27
17:858  0:000    0. 979901C0: 'FACP', 'CBX3', Rev: 2, Len: 132
17:858  0:000        (Dsdt: 97990248, Facs: 98016F40)
17:858  0:000        97990248: 'DSDT', 'CBX3', Rev: 2, Len: 128303
17:860  0:002        98016F40: 'FACS', Ver: 0, Len: 64
17:860  0:000    1. 979AF888: 'APIC', 'CBX3', Rev: 3, Len: 188
17:860  0:000    2. 979AF948: 'FPDT', 'CBX3', Rev: 1, Len: 68
17:860  0:000    3. 979AF990: 'FIDT', 'CBX3', Rev: 1, Len: 156
17:860  0:000    4. 979AFA30: 'MCFG', 'CBX3', Rev: 1, Len: 60
17:860  0:000    5. 979AFA70: 'HPET', 'CBX3', Rev: 1, Len: 56
17:860  0:000    6. 979AFAA8: 'SSDT', 'SataTabl', Rev: 1, Len: 789
17:860  0:000    7. 979AFDC0: 'LPIT', 'SKL', Rev: 1, Len: 148
17:860  0:000    8. 979AFE58: 'SSDT', 'sensrhub', Rev: 2, Len: 584
17:860  0:000    9. 979B00A0: 'SSDT', 'PtidDevc', Rev: 2, Len: 11182
17:860  0:000    10. 979B2C50: 'SSDT', 'OEM_RTD3', Rev: 2, Len: 36
17:860  0:000    11. 979B2C78: 'SSDT', 'Ther_Rvp', Rev: 2, Len: 3043
17:860  0:000    12. 979B3860: 'SSDT', 'zpodd', Rev: 2, Len: 1244
17:860  0:000    13. 979B3D40: 'DBGP', '', Rev: 1, Len: 52
17:860  0:000    14. 979B3D78: 'DBG2', '', Rev: 0, Len: 84
17:860  0:000    15. 979B3DD0: 'SSDT', 'xh_rvp10', Rev: 2, Len: 1604
17:861  0:000    16. 979B4418: 'BOOT', 'CBX3', Rev: 1, Len: 40
17:861  0:000    17. 979B4440: 'SSDT', 'SaSsdt', Rev: 2, Len: 14326
17:861  0:000    18. 979B7C38: 'UEFI', '', Rev: 1, Len: 66
17:861  0:000    19. 979B7C80: 'SSDT', 'CpuSsdt', Rev: 2, Len: 3699
17:861  0:000    20. 979B8AF8: 'MSDM', 'CBX3', Rev: 3, Len: 85
17:861  0:000    21. 979B8B50: 'SSDT', 'DptfTabl', Rev: 2, Len: 14364
17:861  0:000    22. 979BC370: 'SLIC', 'CBX3', Rev: 3, Len: 374
17:861  0:000    23. 979BC4E8: 'SSDT', 'SgPeg', Rev: 2, Len: 195
17:861  0:000    24. 979BC5B0: 'SSDT', 'OptTabl', Rev: 1, Len: 6283
17:861  0:000    25. 979BDE40: 'ASF!', ' HCG', Rev: 32, Len: 165
17:861  0:000    26. 979BDEE8: 'BGRT', '', Rev: 0, Len: 56
17:861  0:000  Found UEFI Acpi 2.0 RSDP at 97990000
17:861  0:000  Saving ACPI tables from RSDP 97990000 to EFI\CLOVER\ACPI\origin ...
17:861  0:000   97990000: 'RSD PTR ', Rev: 2 (Acpi 2.0 or newer), Len: 36 -> RSDP.aml
17:901  0:040    (Xsdt: 979900C0, Rsdt: 97990028)
17:901  0:000    979900C0: 'XSDT', 'CBX3', Rev: 1, Len: 252 -> XSDT.aml
17:933  0:032    97990028: 'RSDT', 'CBX3', Rev: 1, Len: 144 -> RSDT.aml
17:966  0:032    Tables in Xsdt: 27
17:966  0:000    0. 979AF778: 'FACP', 'CBX3', Rev: 5, Len: 268 -> FACP.aml
17:998  0:032        (Dsdt: 97990248, Facs: 98016F80, XDsdt: 97990248, XFacs: 0)
17:998  0:000        97990248: 'DSDT', 'CBX3', Rev: 2, Len: 128303 -> DSDT.aml
18:065  0:066        98016F80: 'FACS', Ver: 2, Len: 64 -> FACS.aml
18:098  0:032    1. 979AF888: 'APIC', 'CBX3', Rev: 3, Len: 188 -> APIC.aml
18:131  0:032    2. 979AF948: 'FPDT', 'CBX3', Rev: 1, Len: 68 -> FPDT.aml
18:164  0:032    3. 979AF990: 'FIDT', 'CBX3', Rev: 1, Len: 156 -> FIDT.aml
18:196  0:032    4. 979AFA30: 'MCFG', 'CBX3', Rev: 1, Len: 60 -> MCFG.aml
18:229  0:032    5. 979AFA70: 'HPET', 'CBX3', Rev: 1, Len: 56 -> HPET.aml
18:263  0:033    6. 979AFAA8: 'SSDT', 'SataTabl', Rev: 1, Len: 789 -> SSDT-0-SataTabl.aml
18:296  0:032    7. 979AFDC0: 'LPIT', 'SKL', Rev: 1, Len: 148 -> LPIT.aml
18:329  0:032    8. 979AFE58: 'SSDT', 'sensrhub', Rev: 2, Len: 584 -> SSDT-1-sensrhub.aml
18:361  0:032    9. 979B00A0: 'SSDT', 'PtidDevc', Rev: 2, Len: 11182 -> SSDT-2-PtidDevc.aml
18:402  0:041    10. 979B2C50: 'SSDT', 'OEM_RTD3', Rev: 2, Len: 36 -> SSDT-3-OEM_RTD3.aml
18:434  0:031    11. 979B2C78: 'SSDT', 'Ther_Rvp', Rev: 2, Len: 3043 -> SSDT-4-Ther_Rvp.aml
18:466  0:031    12. 979B3860: 'SSDT', 'zpodd', Rev: 2, Len: 1244 -> SSDT-5-zpodd.aml
18:498  0:031    13. 979B3D40: 'DBGP', '', Rev: 1, Len: 52 -> DBGP.aml
18:530  0:031    14. 979B3D78: 'DBG2', '', Rev: 0, Len: 84 -> DBG2.aml
18:561  0:031    15. 979B3DD0: 'SSDT', 'xh_rvp10', Rev: 2, Len: 1604 -> SSDT-6-xh_rvp10.aml
18:593  0:031    16. 979B4418: 'BOOT', 'CBX3', Rev: 1, Len: 40 -> BOOT.aml
18:625  0:031    17. 979B4440: 'SSDT', 'SaSsdt', Rev: 2, Len: 14326 -> SSDT-7-SaSsdt.aml
18:662  0:036    18. 979B7C38: 'UEFI', '', Rev: 1, Len: 66 -> UEFI.aml
18:694  0:031    19. 979B7C80: 'SSDT', 'CpuSsdt', Rev: 2, Len: 3699 -> SSDT-8-CpuSsdt.aml (Found hidden SSDT 7 pcs)
18:725  0:031        * 976D5698: 'SSDT', 'Cpu0Ist', Rev: 2, Len: 1500  53 53 44 54 DC 05 00 00 02 BB 50 6D 52 65 66 00 Internal length = 1500 -> SSDT-x8_0-Cpu0Ist.aml
18:757  0:031        * 976D4618: 'SSDT', 'ApIst', Rev: 2, Len: 1450  53 53 44 54 AA 05 00 00 02 CE 50 6D 52 65 66 00 Internal length = 1450 -> SSDT-x8_1-ApIst.aml
18:789  0:031        * 976D4C18: 'SSDT', 'Cpu0Cst', Rev: 2, Len: 895  53 53 44 54 7F 03 00 00 02 65 50 6D 52 65 66 00 Internal length = 895 -> SSDT-x8_2-Cpu0Cst.aml
18:821  0:031        * 97725C18: 'SSDT', 'ApCst', Rev: 2, Len: 281  53 53 44 54 19 01 00 00 02 EA 50 6D 52 65 66 00 Internal length = 281 -> SSDT-x8_3-ApCst.aml
18:858  0:037        * 95B24718: 'SSDT', 'Cpu0Hwp', Rev: 2, Len: 142  53 53 44 54 8E 00 00 00 02 2B 50 6D 52 65 66 00 Internal length = 142 -> SSDT-x8_4-Cpu0Hwp.aml
18:889  0:031        * 95C78498: 'SSDT', 'ApHwp', Rev: 2, Len: 281  53 53 44 54 19 01 00 00 02 FD 50 6D 52 65 66 00 Internal length = 281 -> SSDT-x8_5-ApHwp.aml
18:921  0:031        * 95C78318: 'SSDT', 'HwpLvt', Rev: 2, Len: 304  53 53 44 54 30 01 00 00 02 85 50 6D 52 65 66 00 Internal length = 304 -> SSDT-x8_6-HwpLvt.aml
18:953  0:031  
18:953  0:000    20. 979B8AF8: 'MSDM', 'CBX3', Rev: 3, Len: 85 -> MSDM.aml
18:985  0:031    21. 979B8B50: 'SSDT', 'DptfTabl', Rev: 2, Len: 14364 -> SSDT-9-DptfTabl.aml
19:017  0:031    22. 979BC370: 'SLIC', 'CBX3', Rev: 3, Len: 374 -> SLIC.aml
19:056  0:038    23. 979BC4E8: 'SSDT', 'SgPeg', Rev: 2, Len: 195 -> SSDT-10-SgPeg.aml
19:088  0:032    24. 979BC5B0: 'SSDT', 'OptTabl', Rev: 1, Len: 6283 -> SSDT-11-OptTabl.aml
19:121  0:033    25. 979BDE40: 'ASF!', ' HCG', Rev: 32, Len: 165 -> ASF!.aml
19:154  0:033    26. 979BDEE8: 'BGRT', '', Rev: 0, Len: 56 -> BGRT.aml
19:187  0:032    Tables in Rsdt: 27
19:187  0:000    0. 979901C0: 'FACP', 'CBX3', Rev: 2, Len: 132 -> RSDT-FACP.aml
19:220  0:032        (Dsdt: 97990248, Facs: 98016F40)
19:220  0:000        97990248: 'DSDT', 'CBX3', Rev: 2, Len: 128303
19:222  0:002        98016F40: 'FACS', Ver: 0, Len: 64 -> RSDT-FACS.aml
19:255  0:032    1. 979AF888: 'APIC', 'CBX3', Rev: 3, Len: 188
19:255  0:000    2. 979AF948: 'FPDT', 'CBX3', Rev: 1, Len: 68
19:255  0:000    3. 979AF990: 'FIDT', 'CBX3', Rev: 1, Len: 156
19:255  0:000    4. 979AFA30: 'MCFG', 'CBX3', Rev: 1, Len: 60
19:255  0:000    5. 979AFA70: 'HPET', 'CBX3', Rev: 1, Len: 56
19:255  0:000    6. 979AFAA8: 'SSDT', 'SataTabl', Rev: 1, Len: 789
19:255  0:000    7. 979AFDC0: 'LPIT', 'SKL', Rev: 1, Len: 148
19:255  0:000    8. 979AFE58: 'SSDT', 'sensrhub', Rev: 2, Len: 584
19:255  0:000    9. 979B00A0: 'SSDT', 'PtidDevc', Rev: 2, Len: 11182
19:255  0:000    10. 979B2C50: 'SSDT', 'OEM_RTD3', Rev: 2, Len: 36
19:255  0:000    11. 979B2C78: 'SSDT', 'Ther_Rvp', Rev: 2, Len: 3043
19:255  0:000    12. 979B3860: 'SSDT', 'zpodd', Rev: 2, Len: 1244
19:255  0:000    13. 979B3D40: 'DBGP', '', Rev: 1, Len: 52
19:255  0:000    14. 979B3D78: 'DBG2', '', Rev: 0, Len: 84
19:255  0:000    15. 979B3DD0: 'SSDT', 'xh_rvp10', Rev: 2, Len: 1604
19:255  0:000    16. 979B4418: 'BOOT', 'CBX3', Rev: 1, Len: 40
19:255  0:000    17. 979B4440: 'SSDT', 'SaSsdt', Rev: 2, Len: 14326
19:255  0:000    18. 979B7C38: 'UEFI', '', Rev: 1, Len: 66
19:255  0:000    19. 979B7C80: 'SSDT', 'CpuSsdt', Rev: 2, Len: 3699
19:255  0:000    20. 979B8AF8: 'MSDM', 'CBX3', Rev: 3, Len: 85
19:255  0:000    21. 979B8B50: 'SSDT', 'DptfTabl', Rev: 2, Len: 14364
19:255  0:000    22. 979BC370: 'SLIC', 'CBX3', Rev: 3, Len: 374
19:255  0:000    23. 979BC4E8: 'SSDT', 'SgPeg', Rev: 2, Len: 195
19:255  0:000    24. 979BC5B0: 'SSDT', 'OptTabl', Rev: 1, Len: 6283
19:255  0:000    25. 979BDE40: 'ASF!', ' HCG', Rev: 32, Len: 165
19:255  0:000    26. 979BDEE8: 'BGRT', '', Rev: 0, Len: 56
19:255  0:000  Found UEFI Acpi 1.0 RSDP at 97990000
19:255  0:000  Printing ACPI tables from RSDP 97990000 ...
19:255  0:000   97990000: 'RSD PTR ', Rev: 2 (Acpi 2.0 or newer), Len: 36
19:255  0:000    (Xsdt: 979900C0, Rsdt: 97990028)
19:255  0:000    979900C0: 'XSDT', 'CBX3', Rev: 1, Len: 252
19:255  0:000    97990028: 'RSDT', 'CBX3', Rev: 1, Len: 144
19:255  0:000    Tables in Xsdt: 27
19:255  0:000    0. 979AF778: 'FACP', 'CBX3', Rev: 5, Len: 268
19:255  0:000        (Dsdt: 97990248, Facs: 98016F80, XDsdt: 97990248, XFacs: 0)
19:255  0:000        97990248: 'DSDT', 'CBX3', Rev: 2, Len: 128303
19:257  0:002        98016F80: 'FACS', Ver: 2, Len: 64
19:257  0:000    1. 979AF888: 'APIC', 'CBX3', Rev: 3, Len: 188
19:257  0:000    2. 979AF948: 'FPDT', 'CBX3', Rev: 1, Len: 68
19:257  0:000    3. 979AF990: 'FIDT', 'CBX3', Rev: 1, Len: 156
19:257  0:000    4. 979AFA30: 'MCFG', 'CBX3', Rev: 1, Len: 60
19:257  0:000    5. 979AFA70: 'HPET', 'CBX3', Rev: 1, Len: 56
19:257  0:000    6. 979AFAA8: 'SSDT', 'SataTabl', Rev: 1, Len: 789
19:257  0:000    7. 979AFDC0: 'LPIT', 'SKL', Rev: 1, Len: 148
19:257  0:000    8. 979AFE58: 'SSDT', 'sensrhub', Rev: 2, Len: 584
19:257  0:000    9. 979B00A0: 'SSDT', 'PtidDevc', Rev: 2, Len: 11182
19:257  0:000    10. 979B2C50: 'SSDT', 'OEM_RTD3', Rev: 2, Len: 36
19:257  0:000    11. 979B2C78: 'SSDT', 'Ther_Rvp', Rev: 2, Len: 3043
19:257  0:000    12. 979B3860: 'SSDT', 'zpodd', Rev: 2, Len: 1244
19:257  0:000    13. 979B3D40: 'DBGP', '', Rev: 1, Len: 52
19:257  0:000    14. 979B3D78: 'DBG2', '', Rev: 0, Len: 84
19:257  0:000    15. 979B3DD0: 'SSDT', 'xh_rvp10', Rev: 2, Len: 1604
19:257  0:000    16. 979B4418: 'BOOT', 'CBX3', Rev: 1, Len: 40
19:257  0:000    17. 979B4440: 'SSDT', 'SaSsdt', Rev: 2, Len: 14326
19:257  0:000    18. 979B7C38: 'UEFI', '', Rev: 1, Len: 66
19:257  0:000    19. 979B7C80: 'SSDT', 'CpuSsdt', Rev: 2, Len: 3699
19:257  0:000    20. 979B8AF8: 'MSDM', 'CBX3', Rev: 3, Len: 85
19:257  0:000    21. 979B8B50: 'SSDT', 'DptfTabl', Rev: 2, Len: 14364
19:257  0:000    22. 979BC370: 'SLIC', 'CBX3', Rev: 3, Len: 374
19:257  0:000    23. 979BC4E8: 'SSDT', 'SgPeg', Rev: 2, Len: 195
19:257  0:000    24. 979BC5B0: 'SSDT', 'OptTabl', Rev: 1, Len: 6283
19:257  0:000    25. 979BDE40: 'ASF!', ' HCG', Rev: 32, Len: 165
19:257  0:000    26. 979BDEE8: 'BGRT', '', Rev: 0, Len: 56
19:257  0:000    Tables in Rsdt: 27
19:257  0:000    0. 979901C0: 'FACP', 'CBX3', Rev: 2, Len: 132
19:257  0:000        (Dsdt: 97990248, Facs: 98016F40)
19:257  0:000        97990248: 'DSDT', 'CBX3', Rev: 2, Len: 128303
19:259  0:002        98016F40: 'FACS', Ver: 0, Len: 64
19:259  0:000    1. 979AF888: 'APIC', 'CBX3', Rev: 3, Len: 188
19:259  0:000    2. 979AF948: 'FPDT', 'CBX3', Rev: 1, Len: 68
19:259  0:000    3. 979AF990: 'FIDT', 'CBX3', Rev: 1, Len: 156
19:259  0:000    4. 979AFA30: 'MCFG', 'CBX3', Rev: 1, Len: 60
19:259  0:000    5. 979AFA70: 'HPET', 'CBX3', Rev: 1, Len: 56
19:259  0:000    6. 979AFAA8: 'SSDT', 'SataTabl', Rev: 1, Len: 789
19:259  0:000    7. 979AFDC0: 'LPIT', 'SKL', Rev: 1, Len: 148
19:259  0:000    8. 979AFE58: 'SSDT', 'sensrhub', Rev: 2, Len: 584
19:259  0:000    9. 979B00A0: 'SSDT', 'PtidDevc', Rev: 2, Len: 11182
19:259  0:000    10. 979B2C50: 'SSDT', 'OEM_RTD3', Rev: 2, Len: 36
19:259  0:000    11. 979B2C78: 'SSDT', 'Ther_Rvp', Rev: 2, Len: 3043
19:259  0:000    12. 979B3860: 'SSDT', 'zpodd', Rev: 2, Len: 1244
19:259  0:000    13. 979B3D40: 'DBGP', '', Rev: 1, Len: 52
19:259  0:000    14. 979B3D78: 'DBG2', '', Rev: 0, Len: 84
19:259  0:000    15. 979B3DD0: 'SSDT', 'xh_rvp10', Rev: 2, Len: 1604
19:259  0:000    16. 979B4418: 'BOOT', 'CBX3', Rev: 1, Len: 40
19:259  0:000    17. 979B4440: 'SSDT', 'SaSsdt', Rev: 2, Len: 14326
19:259  0:000    18. 979B7C38: 'UEFI', '', Rev: 1, Len: 66
19:259  0:000    19. 979B7C80: 'SSDT', 'CpuSsdt', Rev: 2, Len: 3699
19:259  0:000    20. 979B8AF8: 'MSDM', 'CBX3', Rev: 3, Len: 85
19:259  0:000    21. 979B8B50: 'SSDT', 'DptfTabl', Rev: 2, Len: 14364
19:259  0:000    22. 979BC370: 'SLIC', 'CBX3', Rev: 3, Len: 374
19:259  0:000    23. 979BC4E8: 'SSDT', 'SgPeg', Rev: 2, Len: 195
19:259  0:000    24. 979BC5B0: 'SSDT', 'OptTabl', Rev: 1, Len: 6283
19:259  0:000    25. 979BDE40: 'ASF!', ' HCG', Rev: 32, Len: 165
19:259  0:000    26. 979BDEE8: 'BGRT', '', Rev: 0, Len: 56
20:438  1:178  ParseBootOption: invalid input params
20:438  0:000  BootVariable of the entry is empty
20:438  0:000  === [ StartLoader ] =======================================
20:438  0:000  Finally: ExternalClock=25MHz BusSpeed=99707kHz CPUFreq=2592MHz PIS: hw.busfrequency=100000000Hz
20:438  0:000  Loading boot.efi  status=Success
20:824  0:386  GetOSVersion: 10.14.6 (18G103)
20:824  0:000  CSR_CFG: CSR_ALLOW_UNTRUSTED_KEXTS | CSR_ALLOW_UNRESTRICTED_FS | CSR_ALLOW_TASK_FOR_PID | CSR_ALLOW_UNRESTRICTED_DTRACE | CSR_ALLOW_UNRESTRICTED_NVRAM
20:824  0:000  Filtering KextPatches:
20:824  0:000   - [00]: com.apple.driver.AppleIntelSKLGraphicsFramebuffer (Disable minStolenSize less or equal fStolenMemorySize assertion, 10.11.4 ( (based on Austere.J patch)) :: BinPatch :: [OS: 10.14.6 | MatchOS: 10.11.x | MatchBuild: All] ==> disabled by user
20:824  0:000   - [01]: com.apple.driver.AppleIntelSKLGraphicsFramebuffer (Disable minStolenSize less or equal fStolenMemorySize assertion, 10.12.0 ( (based on Austere.J patch)) :: BinPatch :: [OS: 10.14.6 | MatchOS: 10.12.x | MatchBuild: All] ==> disabled by user
20:824  0:000   - [02]: com.apple.driver.AppleIntelSKLGraphicsFramebuffer (eDP, port 0000, 0x191e0000, 0x19160000, 0x19260000, 0x19270000, 0x191b0000, 0x19160002, 0x19260002, 0x191e0003, 0x19260004, 0x19270004, 0x193b0005 credit syscl) :: BinPatch :: [OS: 10.14.6 | MatchOS: All | MatchBuild: All] ==> disabled by user
20:824  0:000   - [03]: com.apple.driver.AppleIntelSKLGraphicsFramebuffer (Enable lid wake for 0x19260002 credit syscl/lighting/Yating Zhou) :: BinPatch :: [OS: 10.14.6 | MatchOS: All | MatchBuild: All] ==> disabled by user
20:824  0:000   - [04]: com.apple.driver.AppleIntelSKLGraphicsFramebuffer (Enable lid wake for 0x19260004 credit syscl/lighting/Yating Zhou) :: BinPatch :: [OS: 10.14.6 | MatchOS: All | MatchBuild: All] ==> disabled by user
20:824  0:000   - [05]: com.apple.iokit.IOAHCIBlockStorage (Enable TRIM for SSD) :: BinPatch :: [OS: 10.14.6 | MatchOS: All | MatchBuild: All] ==> allowed
20:824  0:000   - [06]: AirPortBrcm4360 (NoLabel) :: BinPatch :: [OS: 10.14.6 | MatchOS: All | MatchBuild: All] ==> allowed
20:824  0:000   - [07]: AppleHDA (NoLabel) :: BinPatch :: [OS: 10.14.6 | MatchOS: All | MatchBuild: All] ==> allowed
20:824  0:000   - [08]: AppleHDA (NoLabel) :: BinPatch :: [OS: 10.14.6 | MatchOS: All | MatchBuild: All] ==> allowed
20:824  0:000   - [09]: AppleHDA (NoLabel) :: BinPatch :: [OS: 10.14.6 | MatchOS: All | MatchBuild: All] ==> allowed
20:824  0:000   - [10]: AppleHDA (NoLabel) :: BinPatch :: [OS: 10.14.6 | MatchOS: All | MatchBuild: All] ==> allowed
20:824  0:000   - [11]: AppleHDA (NoLabel) :: BinPatch :: [OS: 10.14.6 | MatchOS: All | MatchBuild: All] ==> allowed
20:824  0:000   - [12]: com.apple.driver.AppleBacklight (change F%uT%04x to F%uTxxxx in AppleBacklightInjector.kext (credit RehabMan)) :: BinPatch :: [OS: 10.14.6 | MatchOS: All | MatchBuild: All] ==> allowed
20:824  0:000   - [13]: com.apple.iokit.IOUSBHostFamily (USB Port Limit Patch#1 10.14.4 ©PMHeart) :: BinPatch :: [OS: 10.14.6 | MatchOS: All | MatchBuild: All] ==> allowed
20:824  0:000   - [14]: com.apple.driver.usb.AppleUSBXHCI (USB Port limit patch #3/4 10.14.x modify by DalianSky (credit PMheart)) :: BinPatch :: [OS: 10.14.6 | MatchOS: 10.14.x | MatchBuild: All] ==> disabled by user
20:824  0:000   - [15]: com.apple.driver.usb.AppleUSBXHCI (USB Port limit patch #4/4 10.14.x modify by DalianSky (credit PMheart)) :: BinPatch :: [OS: 10.14.6 | MatchOS: 10.14.x | MatchBuild: All] ==> disabled by user
20:824  0:000   - [16]: com.apple.driver.usb.AppleUSBXHCI (USB Port limit patch 10.14) :: BinPatch :: [OS: 10.14.6 | MatchOS: 10.14.x | MatchBuild: All] ==> allowed
20:824  0:000   - [17]: com.apple.iokit.IOUSBHostFamily (USB Port Limit Patch 1 ©PMHeart) :: BinPatch :: [OS: 10.14.6 | MatchOS: 10.14.4 | MatchBuild: All] ==> not allowed
20:824  0:000   - [18]: com.apple.driver.usb.AppleUSBXHCI (USB Port Limit Patch 2 ©PMHeart) :: BinPatch :: [OS: 10.14.6 | MatchOS: 10.14.4 | MatchBuild: All] ==> not allowed
20:824  0:000   - [19]: com.apple.iokit.IOUSBHostFamily (USB Port Limit Patch 3 ©PMHeart) :: BinPatch :: [OS: 10.14.6 | MatchOS: 10.14.4 | MatchBuild: All] ==> not allowed
20:824  0:000  Filtering KernelPatches:
20:824  0:000   - [00]: MSR 0xE2 _xcpm_idle instant reboot(c) Pike R. Alpha :: [OS: 10.14.6 | MatchOS: All | MatchBuild: no] ==> allowed by OS
20:824  0:000  Will not patch boot.efi
20:824  0:000  EmuVariable InstallEmulation: orig vars copied, emu.var.services installed, CreateEvent VirtualAddressChange = Success, CreateEvent ExitBootServices = Success, set Status=Success
20:853  0:028  === [ PatchSmbios ] =======================================
20:853  0:000  insert table 9 for dev 0:0
20:853  0:000  insert table 9 for dev 0:0
20:854  0:000  Trusting SMBIOS...
20:854  0:000  Detected alternating SMBIOS channel banks
20:854  0:000  Channels: 2
20:854  0:000  Interleave: 0 2 1 3 4 6 5 7 8 10 9 11 12 14 13 15 16 18 17 19 20 22 21 23
20:854  0:000   partNum=HMA81GS6AFR8N-UH    
20:854  0:000  SMBIOS Type 17 Index = 0 => 0 0:
20:854  0:000  BANK 0 DIMM0 2400MHz 8192MB
20:854  0:000   partNum=HMA81GS6AFR8N-UH    
20:854  0:000  SMBIOS Type 17 Index = 1 => 1 2:
20:854  0:000  BANK 1 DIMM0 2400MHz 8192MB
20:854  0:000  mTotalSystemMemory = 16384
20:854  0:000  NumberOfMemoryDevices = 2
20:854  0:000  Type20[0]->End = 0x7FFFFF, Type17[0] = 0x2000
20:854  0:000  Type20[1]->End = 0xFFFFFF, Type17[1] = 0x6000
20:854  0:000  Table 131 is present, CPUType=31
20:854  0:000  Change to: 705
20:854  0:000  === [ PatchACPI ] =========================================
20:854  0:000  Xsdt reallocation done
20:854  0:000  old FADT length=10C
20:854  0:000   SignatureFixup: 0x6303E854 -> 0x0
20:859  0:005  DSDT found in Clover volume OEM folder: EFI\CLOVER\ACPI\patched\DSDT.aml
20:866  0:007  Apply DsdtFixMask=0x00008001
20:866  0:000     drop _DSM mask=0xFFFF
20:866  0:000  === [ FixBiosDsdt ] =======================================
20:867  0:000  Patching DSDT:
20:867  0:000   - [change OSID to XSID (to avoid match against _OSI XOSI patch)]: disabled
20:867  0:000   - [change _OSI to XOSI]: disabled
20:867  0:000   - [change _DSM to XDSM]: disabled
20:867  0:000   - [change EC0 to EC]: disabled
20:867  0:000   - [change H_EC to EC]: disabled
20:867  0:000   - [change ECDV to EC]: disabled
20:867  0:000   - [change HDAS to HDEF]: disabled
20:867  0:000   - [change HECI to IMEI]: disabled
20:867  0:000   - [change MEI to IMEI]: disabled
20:867  0:000   - [change GFX0 to IGPU]: disabled
20:867  0:000   - [change PCI0.VID to IGPU #1 (Thinkpad)]: disabled
20:867  0:000   - [change PCI0.VID to IGPU #2 (Thinkpad)]: disabled
20:867  0:000   - [Change XHC1 to XHC_]: pattern 58484331, bin not found / already patched!
20:867  0:000    0 replacements
20:868  0:001  Name HDAS present at 0x94BB, renaming to HDEF
20:868  0:000  Name HDAS present at 0xAFB5, renaming to HDEF
20:868  0:000  Name HDAS present at 0xB02F, renaming to HDEF
20:868  0:000  Name HDAS present at 0xB040, renaming to HDEF
20:868  0:000  Name HDAS present at 0xB0E5, renaming to HDEF
20:868  0:000  Name HDAS present at 0xB153, renaming to HDEF
20:869  0:000  PreCleanup XSDT: count=27, length=252
20:869  0:000  PreCleanup XSDT, corrected XSDT: count=27, length=252
20:869  0:000  === [ ACPIDropTables ] ====================================
20:869  0:000  Drop tables from XSDT, SIGN=SSDT TableID=xh_rvp10 Length=1604
20:869  0:000   Table[15]: SSDT  xh_rvp10  1604 dropped
20:869  0:000  0. [change OSID to XSID (to avoid match against _OSI XOSI patch)]: disabled
20:869  0:000  1. [change _OSI to XOSI]: disabled
20:869  0:000  2. [change _DSM to XDSM]: disabled
20:869  0:000  3. [change EC0 to EC]: disabled
20:869  0:000  4. [change H_EC to EC]: disabled
20:869  0:000  5. [change ECDV to EC]: disabled
20:869  0:000  6. [change HDAS to HDEF]: disabled
20:869  0:000  7. [change HECI to IMEI]: disabled
20:869  0:000  8. [change MEI to IMEI]: disabled
20:869  0:000  9. [change GFX0 to IGPU]: disabled
20:869  0:000  10. [change PCI0.VID to IGPU #1 (Thinkpad)]: disabled
20:869  0:000  11. [change PCI0.VID to IGPU #2 (Thinkpad)]: disabled
20:869  0:000  12. [Change XHC1 to XHC_]: pattern 58484331, bin not found / already patched!
20:869  0:000    0 replacements
20:869  0:000  0. [change OSID to XSID (to avoid match against _OSI XOSI patch)]: disabled
20:869  0:000  1. [change _OSI to XOSI]: disabled
20:869  0:000  2. [change _DSM to XDSM]: disabled
20:869  0:000  3. [change EC0 to EC]: disabled
20:869  0:000  4. [change H_EC to EC]: disabled
20:869  0:000  5. [change ECDV to EC]: disabled
20:869  0:000  6. [change HDAS to HDEF]: disabled
20:869  0:000  7. [change HECI to IMEI]: disabled
20:869  0:000  8. [change MEI to IMEI]: disabled
20:869  0:000  9. [change GFX0 to IGPU]: disabled
20:869  0:000  10. [change PCI0.VID to IGPU #1 (Thinkpad)]: disabled
20:869  0:000  11. [change PCI0.VID to IGPU #2 (Thinkpad)]: disabled
20:869  0:000  12. [Change XHC1 to XHC_]: pattern 58484331, bin not found / already patched!
20:869  0:000    0 replacements
20:869  0:000  0. [change OSID to XSID (to avoid match against _OSI XOSI patch)]: disabled
20:869  0:000  1. [change _OSI to XOSI]: disabled
20:869  0:000  2. [change _DSM to XDSM]: disabled
20:869  0:000  3. [change EC0 to EC]: disabled
20:869  0:000  4. [change H_EC to EC]: disabled
20:869  0:000  5. [change ECDV to EC]: disabled
20:869  0:000  6. [change HDAS to HDEF]: disabled
20:869  0:000  7. [change HECI to IMEI]: disabled
20:869  0:000  8. [change MEI to IMEI]: disabled
20:869  0:000  9. [change GFX0 to IGPU]: disabled
20:869  0:000  10. [change PCI0.VID to IGPU #1 (Thinkpad)]: disabled
20:869  0:000  11. [change PCI0.VID to IGPU #2 (Thinkpad)]: disabled
20:869  0:000  12. [Change XHC1 to XHC_]: pattern 58484331, bin not found / already patched!
20:869  0:000    0 replacements
20:869  0:000  0. [change OSID to XSID (to avoid match against _OSI XOSI patch)]: disabled
20:869  0:000  1. [change _OSI to XOSI]: disabled
20:869  0:000  2. [change _DSM to XDSM]: disabled
20:869  0:000  3. [change EC0 to EC]: disabled
20:869  0:000  4. [change H_EC to EC]: disabled
20:869  0:000  5. [change ECDV to EC]: disabled
20:869  0:000  6. [change HDAS to HDEF]: disabled
20:869  0:000  7. [change HECI to IMEI]: disabled
20:869  0:000  8. [change MEI to IMEI]: disabled
20:869  0:000  9. [change GFX0 to IGPU]: disabled
20:869  0:000  10. [change PCI0.VID to IGPU #1 (Thinkpad)]: disabled
20:869  0:000  11. [change PCI0.VID to IGPU #2 (Thinkpad)]: disabled
20:869  0:000  12. [Change XHC1 to XHC_]: pattern 58484331, the patch is too large!
20:869  0:000    0 replacements
20:869  0:000  0. [change OSID to XSID (to avoid match against _OSI XOSI patch)]: disabled
20:869  0:000  1. [change _OSI to XOSI]: disabled
20:869  0:000  2. [change _DSM to XDSM]: disabled
20:869  0:000  3. [change EC0 to EC]: disabled
20:869  0:000  4. [change H_EC to EC]: disabled
20:869  0:000  5. [change ECDV to EC]: disabled
20:869  0:000  6. [change HDAS to HDEF]: disabled
20:869  0:000  7. [change HECI to IMEI]: disabled
20:869  0:000  8. [change MEI to IMEI]: disabled
20:869  0:000  9. [change GFX0 to IGPU]: disabled
20:869  0:000  10. [change PCI0.VID to IGPU #1 (Thinkpad)]: disabled
20:869  0:000  11. [change PCI0.VID to IGPU #2 (Thinkpad)]: disabled
20:869  0:000  12. [Change XHC1 to XHC_]: pattern 58484331, bin not found / already patched!
20:869  0:000    0 replacements
20:869  0:000  0. [change OSID to XSID (to avoid match against _OSI XOSI patch)]: disabled
20:869  0:000  1. [change _OSI to XOSI]: disabled
20:869  0:000  2. [change _DSM to XDSM]: disabled
20:869  0:000  3. [change EC0 to EC]: disabled
20:869  0:000  4. [change H_EC to EC]: disabled
20:869  0:000  5. [change ECDV to EC]: disabled
20:869  0:000  6. [change HDAS to HDEF]: disabled
20:869  0:000  7. [change HECI to IMEI]: disabled
20:869  0:000  8. [change MEI to IMEI]: disabled
20:869  0:000  9. [change GFX0 to IGPU]: disabled
20:869  0:000  10. [change PCI0.VID to IGPU #1 (Thinkpad)]: disabled
20:869  0:000  11. [change PCI0.VID to IGPU #2 (Thinkpad)]: disabled
20:869  0:000  12. [Change XHC1 to XHC_]: pattern 58484331, bin not found / already patched!
20:869  0:000    0 replacements
20:869  0:000  0. [change OSID to XSID (to avoid match against _OSI XOSI patch)]: disabled
20:869  0:000  1. [change _OSI to XOSI]: disabled
20:869  0:000  2. [change _DSM to XDSM]: disabled
20:869  0:000  3. [change EC0 to EC]: disabled
20:869  0:000  4. [change H_EC to EC]: disabled
20:869  0:000  5. [change ECDV to EC]: disabled
20:869  0:000  6. [change HDAS to HDEF]: disabled
20:869  0:000  7. [change HECI to IMEI]: disabled
20:869  0:000  8. [change MEI to IMEI]: disabled
20:869  0:000  9. [change GFX0 to IGPU]: disabled
20:869  0:000  10. [change PCI0.VID to IGPU #1 (Thinkpad)]: disabled
20:869  0:000  11. [change PCI0.VID to IGPU #2 (Thinkpad)]: disabled
20:869  0:000  12. [Change XHC1 to XHC_]: pattern 58484331, bin not found / already patched!
20:869  0:000    0 replacements
20:869  0:000  Found OperationRegion(SANV, SystemMemory, 98003D98, ...)
20:869  0:000  0. [change OSID to XSID (to avoid match against _OSI XOSI patch)]: disabled
20:869  0:000  1. [change _OSI to XOSI]: disabled
20:869  0:000  2. [change _DSM to XDSM]: disabled
20:869  0:000  3. [change EC0 to EC]: disabled
20:869  0:000  4. [change H_EC to EC]: disabled
20:869  0:000  5. [change ECDV to EC]: disabled
20:869  0:000  6. [change HDAS to HDEF]: disabled
20:869  0:000  7. [change HECI to IMEI]: disabled
20:869  0:000  8. [change MEI to IMEI]: disabled
20:869  0:000  9. [change GFX0 to IGPU]: disabled
20:869  0:000  10. [change PCI0.VID to IGPU #1 (Thinkpad)]: disabled
20:869  0:000  11. [change PCI0.VID to IGPU #2 (Thinkpad)]: disabled
20:869  0:000  12. [Change XHC1 to XHC_]: pattern 58484331, bin not found / already patched!
20:869  0:000    0 replacements
20:869  0:000  Found OperationRegion(PNVS, SystemMemory, 8BFA6000, ...)
20:869  0:000  0. [change OSID to XSID (to avoid match against _OSI XOSI patch)]: disabled
20:869  0:000  1. [change _OSI to XOSI]: disabled
20:869  0:000  2. [change _DSM to XDSM]: disabled
20:869  0:000  3. [change EC0 to EC]: disabled
20:869  0:000  4. [change H_EC to EC]: disabled
20:869  0:000  5. [change ECDV to EC]: disabled
20:869  0:000  6. [change HDAS to HDEF]: disabled
20:869  0:000  7. [change HECI to IMEI]: disabled
20:869  0:000  8. [change MEI to IMEI]: disabled
20:869  0:000  9. [change GFX0 to IGPU]: disabled
20:869  0:000  10. [change PCI0.VID to IGPU #1 (Thinkpad)]: disabled
20:869  0:000  11. [change PCI0.VID to IGPU #2 (Thinkpad)]: disabled
20:869  0:000  12. [Change XHC1 to XHC_]: pattern 58484331, bin not found / already patched!
20:869  0:000    0 replacements
20:869  0:000  0. [change OSID to XSID (to avoid match against _OSI XOSI patch)]: disabled
20:869  0:000  1. [change _OSI to XOSI]: disabled
20:869  0:000  2. [change _DSM to XDSM]: disabled
20:869  0:000  3. [change EC0 to EC]: disabled
20:869  0:000  4. [change H_EC to EC]: disabled
20:869  0:000  5. [change ECDV to EC]: disabled
20:869  0:000  6. [change HDAS to HDEF]: disabled
20:869  0:000  7. [change HECI to IMEI]: disabled
20:869  0:000  8. [change MEI to IMEI]: disabled
20:869  0:000  9. [change GFX0 to IGPU]: disabled
20:869  0:000  10. [change PCI0.VID to IGPU #1 (Thinkpad)]: disabled
20:869  0:000  11. [change PCI0.VID to IGPU #2 (Thinkpad)]: disabled
20:869  0:000  12. [Change XHC1 to XHC_]: pattern 58484331, bin not found / already patched!
20:869  0:000    0 replacements
20:869  0:000  0. [change OSID to XSID (to avoid match against _OSI XOSI patch)]: disabled
20:869  0:000  1. [change _OSI to XOSI]: disabled
20:869  0:000  2. [change _DSM to XDSM]: disabled
20:869  0:000  3. [change EC0 to EC]: disabled
20:869  0:000  4. [change H_EC to EC]: disabled
20:869  0:000  5. [change ECDV to EC]: disabled
20:869  0:000  6. [change HDAS to HDEF]: disabled
20:869  0:000  7. [change HECI to IMEI]: disabled
20:869  0:000  8. [change MEI to IMEI]: disabled
20:869  0:000  9. [change GFX0 to IGPU]: disabled
20:869  0:000  10. [change PCI0.VID to IGPU #1 (Thinkpad)]: disabled
20:869  0:000  11. [change PCI0.VID to IGPU #2 (Thinkpad)]: disabled
20:869  0:000  12. [Change XHC1 to XHC_]: pattern 58484331, bin not found / already patched!
20:869  0:000    0 replacements
20:869  0:000  === [ ACPIPatchedAML ] ====================================
20:869  0:000  Sorted
20:869  0:000  Inserting table[0]:DSDT.aml from EFI\CLOVER\ACPI\patched: size=130376 ... Success
20:875  0:005  Inserting table[1]:SSDT.aml from EFI\CLOVER\ACPI\patched: ... Not Found
20:876  0:001  Inserting table[2]:SSDT-UIAC.aml from EFI\CLOVER\ACPI\patched: ... Not Found
20:877  0:001  Inserting table[3]:SSDT-PNLF.aml from EFI\CLOVER\ACPI\patched: size=693 ... Success
20:882  0:005  CPUBase=0 and ApicCPUBase=1 ApicCPUNum=1
20:882  0:000  Maximum control=0x1A
20:882  0:000  Turbo control=0x23
20:882  0:000  P-States: min 0x8, max 0x23
20:882  0:000  SSDT with plugin-type without P-States is generated
20:882  0:000  Cleanup XSDT: count=30, length=276
20:882  0:000  corrected XSDT count=29, length=268
20:882  0:000  === [ RestSetup macOS ] ===================================
20:882  0:000  EdidDiscovered size=128
20:882  0:000  --- Discovered EDID Table size:128
20:882  0:000  000  |  00  FF  FF  FF  FF  FF  FF  00  4D  10
20:882  0:000  010  |  50  14  00  00  00  00  24  19  01  04
20:882  0:000  020  |  A5  23  13  78  0E  DE  50  A3  54  4C
20:882  0:000  030  |  99  26  0F  50  54  00  00  00  01  01
20:882  0:000  040  |  01  01  01  01  01  01  01  01  01  01
20:882  0:000  050  |  01  01  01  01  4D  D0  00  A0  F0  70
20:882  0:000  060  |  3E  80  30  20  35  00  5A  C2  10  00
20:882  0:000  070  |  00  18  4D  D0  00  A0  F0  70  68  82
20:882  0:000  080  |  30  20  35  00  00  00  00  00  00  00
20:882  0:000  090  |  00  00  00  FE  00  4B  59  39  4A  48
20:882  0:000  100  |  80  4C  51  31  35  36  44  31  00  00
20:882  0:000  110  |  00  00  00  02  01  03  23  00  11  00
20:882  0:000  120  |  00  0B  01  0A  20  20  00  54
20:882  0:000  add device: PciRoot(0x0)/Pci(0x2,0x0)
20:882  0:000     Add key=AAPL,ig-platform-id valuelen=4
20:882  0:000  Intel GFX injection not set
20:882  0:000   RCBA disabled; cannot use it
20:882  0:000   setting specified layout-id=13 (0xD)
20:882  0:000  stringlength = 1278
20:882  0:000  CurrentMode: Width=3840 Height=2160
20:882  0:000  Beginning FSInjection
FSInjectionInstall ...
- Our FSI_SIMPLE_FILE_SYSTEM_PROTOCOL installed on handle: 931E1C98
FSInjectionInstall ...
- Our FSI_SIMPLE_FILE_SYSTEM_PROTOCOL installed on handle: 931E1C98
20:888  0:005  Use origin smbios table type 1 guid.
20:890  0:001    Force kext: System\Library\Extensions\IONetworkingFamily.kext
20:935  0:045      Force PlugIn kext: System\Library\Extensions\IONetworkingFamily.kext\Contents\PlugIns\nvenet.kext
20:950  0:014      Force PlugIn kext: System\Library\Extensions\IONetworkingFamily.kext\Contents\PlugIns\AppleEthernetAquantiaAqtion.kext
20:964  0:014      Force PlugIn kext: System\Library\Extensions\IONetworkingFamily.kext\Contents\PlugIns\AppleBCM5701Ethernet.kext
20:977  0:012      Force PlugIn kext: System\Library\Extensions\IONetworkingFamily.kext\Contents\PlugIns\AppleIntelI210Ethernet.kext
20:991  0:014      Force PlugIn kext: System\Library\Extensions\IONetworkingFamily.kext\Contents\PlugIns\Intel82574L.kext
21:003  0:011      Force PlugIn kext: System\Library\Extensions\IONetworkingFamily.kext\Contents\PlugIns\IOEthernetAVBController.kext
21:014  0:011      Force PlugIn kext: System\Library\Extensions\IONetworkingFamily.kext\Contents\PlugIns\AppleYukon2.kext
21:028  0:013      Force PlugIn kext: System\Library\Extensions\IONetworkingFamily.kext\Contents\PlugIns\AppleEthernetAquantiaAqtionFirmware.kext
21:039  0:011      Force PlugIn kext: System\Library\Extensions\IONetworkingFamily.kext\Contents\PlugIns\AppleIntel8254XEthernet.kext
21:051  0:011      Force PlugIn kext: System\Library\Extensions\IONetworkingFamily.kext\Contents\PlugIns\AppleVmxnet3Ethernet.kext
21:062  0:011      Force PlugIn kext: System\Library\Extensions\IONetworkingFamily.kext\Contents\PlugIns\mDNSOffloadUserClient.kext
21:075  0:013  Preparing kexts injection for arch=x86_64 from EFI\CLOVER\kexts\Other
21:075  0:000  Extra kext: EFI\CLOVER\kexts\Other\WhateverGreen.kext (v.1.3.0)
21:096  0:020  Extra kext: EFI\CLOVER\kexts\Other\SATA-100-series-unsupported.kext (v.0.5.1)
21:104  0:007  Extra kext: EFI\CLOVER\kexts\Other\RealtekRTL8111.kext (v.2.2.2)
21:118  0:014  Extra kext: EFI\CLOVER\kexts\Other\Lilu.kext (v.1.3.7)
21:133  0:014  Extra kext: EFI\CLOVER\kexts\Other\FakeSMC.kext (v.1800)
21:151  0:018  Extra kext: EFI\CLOVER\kexts\Other\FakePCIID.kext (v.1.3.15)
21:167  0:015  Extra kext: EFI\CLOVER\kexts\Other\USBInjectAll.kext (v.0.7.3)
21:222  0:055  SetStartupDiskVolume:
21:222  0:000    * Volume: 'MACSSD'
21:222  0:000    * LoaderPath: '<null string>'
21:222  0:000    * DevPath: MACSSD
21:222  0:000    * GUID = 57B5BF91-D574-4307-A0C3-DB7433050BE9
21:222  0:000    * efi-boot-device: <array><dict><key>IOMatch</key><dict><key>IOProviderClass</key><string>IOMedia</string><key>IOPropertyMatch</key><dict><key>UUID</key><string>57B5BF91-D574-4307-A0C3-DB7433050BE9</string></dict></dict></dict></array>
21:222  0:000  SetScreenResolution: 3840x2160 - already set
21:223  0:000  Custom boot is using apple logo
21:589  0:365  Custom boot lock
21:589  0:000  Custom boot framebuffer 0xC0000000 0x1FA4000
21:589  0:000  Custom boot GOP: 0x9A2ECAB8 @0xC1FA4000 0x300000 1024(1024)x768
21:589  0:000  Closing log
